<?xml version="1.0" encoding="UTF-8"?>
<!-- Generated by org.testng.reporters.JUnitXMLReporter -->
<testsuite ignored="0" hostname="agasthya" failures="1" tests="2" name="Test" time="81.298" errors="0" timestamp="2020-07-17T14:05:14 IST">
  <testcase classname="io.cucumber.testng.AbstractTestNGCucumberTests" name="runScenario" time="39.13"/>
  <testcase classname="io.cucumber.testng.AbstractTestNGCucumberTests" name="runScenario" time="41.494">
    <failure type="java.lang.AssertionError">
      <![CDATA[java.lang.AssertionError
at org.junit.Assert.fail(Assert.java:87)
at org.junit.Assert.assertTrue(Assert.java:42)
at org.junit.Assert.assertTrue(Assert.java:53)
at stepdefinitions.FlightsListPage.verifyContinuePageDisplayed(FlightsListPage.java:180)
at stepdefinitions.BookAFlight.i_should_i_see_fare_summary_page(BookAFlight.java:55)
at âœ½.I should i see fare summary page(file:///media/aga/0d95ef11-c7cd-4e1e-854a-052bb581f8e3/All%20Selenium/hcl-dbs-assignment/BookABestFlight/book-flight/src/test/java/features/FlightBooking.feature:9)
]]>
    </failure>
  </testcase> <!-- runScenario -->
</testsuite> <!-- Test -->
